2025-08-08T19:20:50.002+05:30  INFO 17104 --- [QuizApplication] [restartedMain] com.wipro.knr.quizApp.QuizApplication    : Starting QuizApplication using Java 21.0.8 with PID 17104 (C:\Users\91798\eclipse-workspace\QuizApplication\target\classes started by 91798 in C:\Users\91798\eclipse-workspace\QuizApplication)
2025-08-08T19:20:50.002+05:30  INFO 17104 --- [QuizApplication] [restartedMain] com.wipro.knr.quizApp.QuizApplication    : No active profile set, falling back to 1 default profile: "default"
2025-08-08T19:20:50.461+05:30  INFO 17104 --- [QuizApplication] [restartedMain] .s.d.r.c.RepositoryConfigurationDelegate : Bootstrapping Spring Data JPA repositories in DEFAULT mode.
2025-08-08T19:20:50.484+05:30  INFO 17104 --- [QuizApplication] [restartedMain] .s.d.r.c.RepositoryConfigurationDelegate : Finished Spring Data repository scanning in 20 ms. Found 2 JPA repository interfaces.
2025-08-08T19:20:50.647+05:30  INFO 17104 --- [QuizApplication] [restartedMain] o.s.b.w.embedded.tomcat.TomcatWebServer  : Tomcat initialized with port 8080 (http)
2025-08-08T19:20:50.650+05:30  INFO 17104 --- [QuizApplication] [restartedMain] o.apache.catalina.core.StandardService   : Starting service [Tomcat]
2025-08-08T19:20:50.650+05:30  INFO 17104 --- [QuizApplication] [restartedMain] o.apache.catalina.core.StandardEngine    : Starting Servlet engine: [Apache Tomcat/10.1.43]
2025-08-08T19:20:50.679+05:30  INFO 17104 --- [QuizApplication] [restartedMain] o.a.c.c.C.[Tomcat].[localhost].[/]       : Initializing Spring embedded WebApplicationContext
2025-08-08T19:20:50.679+05:30  INFO 17104 --- [QuizApplication] [restartedMain] w.s.c.ServletWebServerApplicationContext : Root WebApplicationContext: initialization completed in 673 ms
2025-08-08T19:20:50.802+05:30  INFO 17104 --- [QuizApplication] [restartedMain] o.hibernate.jpa.internal.util.LogHelper  : HHH000204: Processing PersistenceUnitInfo [name: default]
2025-08-08T19:20:50.806+05:30  INFO 17104 --- [QuizApplication] [restartedMain] o.h.c.internal.RegionFactoryInitiator    : HHH000026: Second-level cache disabled
2025-08-08T19:20:50.820+05:30  INFO 17104 --- [QuizApplication] [restartedMain] o.s.o.j.p.SpringPersistenceUnitInfo      : No LoadTimeWeaver setup: ignoring JPA class transformer
2025-08-08T19:20:50.822+05:30  INFO 17104 --- [QuizApplication] [restartedMain] com.zaxxer.hikari.HikariDataSource       : HikariPool-2 - Starting...
2025-08-08T19:20:50.825+05:30  INFO 17104 --- [QuizApplication] [restartedMain] com.zaxxer.hikari.pool.HikariPool        : HikariPool-2 - Added connection conn10: url=jdbc:h2:mem:testdb user=ROOT
2025-08-08T19:20:50.825+05:30  INFO 17104 --- [QuizApplication] [restartedMain] com.zaxxer.hikari.HikariDataSource       : HikariPool-2 - Start completed.
2025-08-08T19:20:50.826+05:30  INFO 17104 --- [QuizApplication] [restartedMain] org.hibernate.orm.connections.pooling    : HHH10001005: Database info:
	Database JDBC URL [Connecting through datasource 'HikariDataSource (HikariPool-2)']
	Database driver: undefined/unknown
	Database version: 2.3.232
	Autocommit mode: undefined/unknown
	Isolation level: undefined/unknown
	Minimum pool size: undefined/unknown
	Maximum pool size: undefined/unknown
2025-08-08T19:20:50.914+05:30  INFO 17104 --- [QuizApplication] [restartedMain] o.h.e.t.j.p.i.JtaPlatformInitiator       : HHH000489: No JTA platform available (set 'hibernate.transaction.jta.platform' to enable JTA platform integration)
2025-08-08T19:20:50.924+05:30  INFO 17104 --- [QuizApplication] [restartedMain] j.LocalContainerEntityManagerFactoryBean : Initialized JPA EntityManagerFactory for persistence unit 'default'
2025-08-08T19:20:51.090+05:30  WARN 17104 --- [QuizApplication] [restartedMain] JpaBaseConfiguration$JpaWebConfiguration : spring.jpa.open-in-view is enabled by default. Therefore, database queries may be performed during view rendering. Explicitly configure spring.jpa.open-in-view to disable this warning
2025-08-08T19:20:51.386+05:30  INFO 17104 --- [QuizApplication] [restartedMain] o.s.b.a.h2.H2ConsoleAutoConfiguration    : H2 console available at '/h2-console'. Database available at 'jdbc:h2:mem:testdb'
2025-08-08T19:20:51.403+05:30  INFO 17104 --- [QuizApplication] [restartedMain] o.s.b.d.a.OptionalLiveReloadServer       : LiveReload server is running on port 35729
2025-08-08T19:20:51.410+05:30  INFO 17104 --- [QuizApplication] [restartedMain] o.s.b.a.e.web.EndpointLinksResolver      : Exposing 1 endpoint beneath base path '/actuator'
2025-08-08T19:20:51.445+05:30  INFO 17104 --- [QuizApplication] [restartedMain] o.s.b.w.embedded.tomcat.TomcatWebServer  : Tomcat started on port 8080 (http) with context path '/'
2025-08-08T19:20:51.453+05:30  INFO 17104 --- [QuizApplication] [restartedMain] com.wipro.knr.quizApp.QuizApplication    : Started QuizApplication in 1.513 seconds (process running for 384.4)
2025-08-08T19:20:51.470+05:30  INFO 17104 --- [QuizApplication] [restartedMain] .ConditionEvaluationDeltaLoggingListener : Condition evaluation delta:


==========================
CONDITION EVALUATION DELTA
==========================


Positive matches:
-----------------

   LogFileWebEndpointAutoConfiguration#logFileWebEndpoint matched:
      - Log File found logging.file.name logs/app.log (LogFileWebEndpointAutoConfiguration.LogFileCondition)
      - @ConditionalOnMissingBean (types: org.springframework.boot.actuate.logging.LogFileWebEndpoint; SearchStrategy: all) did not find any beans (OnBeanCondition)


Negative matches:
-----------------

    None


Exclusions:
-----------

    None


Unconditional classes:
----------------------

    None



2025-08-08T19:21:48.556+05:30  INFO 17104 --- [QuizApplication] [RMI TCP Connection(14)-127.0.0.1] inMXBeanRegistrar$SpringApplicationAdmin : Application shutdown requested.
2025-08-08T19:21:48.557+05:30  INFO 17104 --- [QuizApplication] [RMI TCP Connection(14)-127.0.0.1] o.s.b.w.e.tomcat.GracefulShutdown        : Commencing graceful shutdown. Waiting for active requests to complete
2025-08-08T19:21:48.567+05:30  INFO 17104 --- [QuizApplication] [tomcat-shutdown] o.s.b.w.e.tomcat.GracefulShutdown        : Graceful shutdown complete
2025-08-08T19:21:48.572+05:30  INFO 17104 --- [QuizApplication] [RMI TCP Connection(14)-127.0.0.1] j.LocalContainerEntityManagerFactoryBean : Closing JPA EntityManagerFactory for persistence unit 'default'
2025-08-08T19:21:48.573+05:30  WARN 17104 --- [QuizApplication] [RMI TCP Connection(14)-127.0.0.1] o.s.b.f.support.DisposableBeanAdapter    : Invocation of destroy method failed on bean with name 'inMemoryDatabaseShutdownExecutor': org.h2.jdbc.JdbcSQLNonTransientConnectionException: Database is already closed (to disable automatic closing at VM shutdown, add ";DB_CLOSE_ON_EXIT=FALSE" to the db URL) [90121-232]
2025-08-08T19:21:48.574+05:30  INFO 17104 --- [QuizApplication] [RMI TCP Connection(14)-127.0.0.1] com.zaxxer.hikari.HikariDataSource       : HikariPool-2 - Shutdown initiated...
2025-08-08T19:21:48.576+05:30  INFO 17104 --- [QuizApplication] [RMI TCP Connection(14)-127.0.0.1] com.zaxxer.hikari.HikariDataSource       : HikariPool-2 - Shutdown completed.
2025-08-08T19:26:46.581+05:30  INFO 27432 --- [QuizApplication] [restartedMain] com.wipro.knr.quizApp.QuizApplication    : Starting QuizApplication using Java 21.0.8 with PID 27432 (C:\Users\91798\eclipse-workspace\QuizApplication\target\classes started by 91798 in C:\Users\91798\eclipse-workspace\QuizApplication)
2025-08-08T19:26:46.584+05:30  INFO 27432 --- [QuizApplication] [restartedMain] com.wipro.knr.quizApp.QuizApplication    : No active profile set, falling back to 1 default profile: "default"
2025-08-08T19:26:46.653+05:30  INFO 27432 --- [QuizApplication] [restartedMain] .e.DevToolsPropertyDefaultsPostProcessor : Devtools property defaults active! Set 'spring.devtools.add-properties' to 'false' to disable
2025-08-08T19:26:46.654+05:30  INFO 27432 --- [QuizApplication] [restartedMain] .e.DevToolsPropertyDefaultsPostProcessor : For additional web related logging consider setting the 'logging.level.web' property to 'DEBUG'
2025-08-08T19:26:47.958+05:30  INFO 27432 --- [QuizApplication] [restartedMain] .s.d.r.c.RepositoryConfigurationDelegate : Bootstrapping Spring Data JPA repositories in DEFAULT mode.
2025-08-08T19:26:48.040+05:30  INFO 27432 --- [QuizApplication] [restartedMain] .s.d.r.c.RepositoryConfigurationDelegate : Finished Spring Data repository scanning in 69 ms. Found 2 JPA repository interfaces.
2025-08-08T19:26:48.770+05:30  INFO 27432 --- [QuizApplication] [restartedMain] o.s.b.w.embedded.tomcat.TomcatWebServer  : Tomcat initialized with port 8080 (http)
2025-08-08T19:26:48.790+05:30  INFO 27432 --- [QuizApplication] [restartedMain] o.apache.catalina.core.StandardService   : Starting service [Tomcat]
2025-08-08T19:26:48.791+05:30  INFO 27432 --- [QuizApplication] [restartedMain] o.apache.catalina.core.StandardEngine    : Starting Servlet engine: [Apache Tomcat/10.1.43]
2025-08-08T19:26:48.865+05:30  INFO 27432 --- [QuizApplication] [restartedMain] o.a.c.c.C.[Tomcat].[localhost].[/]       : Initializing Spring embedded WebApplicationContext
2025-08-08T19:26:48.866+05:30  INFO 27432 --- [QuizApplication] [restartedMain] w.s.c.ServletWebServerApplicationContext : Root WebApplicationContext: initialization completed in 2211 ms
2025-08-08T19:26:49.224+05:30  INFO 27432 --- [QuizApplication] [restartedMain] o.hibernate.jpa.internal.util.LogHelper  : HHH000204: Processing PersistenceUnitInfo [name: default]
2025-08-08T19:26:49.300+05:30  INFO 27432 --- [QuizApplication] [restartedMain] org.hibernate.Version                    : HHH000412: Hibernate ORM core version 6.6.22.Final
2025-08-08T19:26:49.348+05:30  INFO 27432 --- [QuizApplication] [restartedMain] o.h.c.internal.RegionFactoryInitiator    : HHH000026: Second-level cache disabled
2025-08-08T19:26:49.782+05:30  INFO 27432 --- [QuizApplication] [restartedMain] o.s.o.j.p.SpringPersistenceUnitInfo      : No LoadTimeWeaver setup: ignoring JPA class transformer
2025-08-08T19:26:49.828+05:30  INFO 27432 --- [QuizApplication] [restartedMain] com.zaxxer.hikari.HikariDataSource       : HikariPool-1 - Starting...
2025-08-08T19:26:50.091+05:30  INFO 27432 --- [QuizApplication] [restartedMain] com.zaxxer.hikari.pool.HikariPool        : HikariPool-1 - Added connection conn0: url=jdbc:h2:mem:testdb user=ROOT
2025-08-08T19:26:50.094+05:30  INFO 27432 --- [QuizApplication] [restartedMain] com.zaxxer.hikari.HikariDataSource       : HikariPool-1 - Start completed.
2025-08-08T19:26:50.182+05:30  INFO 27432 --- [QuizApplication] [restartedMain] org.hibernate.orm.connections.pooling    : HHH10001005: Database info:
	Database JDBC URL [Connecting through datasource 'HikariDataSource (HikariPool-1)']
	Database driver: undefined/unknown
	Database version: 2.3.232
	Autocommit mode: undefined/unknown
	Isolation level: undefined/unknown
	Minimum pool size: undefined/unknown
	Maximum pool size: undefined/unknown
2025-08-08T19:26:51.517+05:30  INFO 27432 --- [QuizApplication] [restartedMain] o.h.e.t.j.p.i.JtaPlatformInitiator       : HHH000489: No JTA platform available (set 'hibernate.transaction.jta.platform' to enable JTA platform integration)
2025-08-08T19:26:51.626+05:30  INFO 27432 --- [QuizApplication] [restartedMain] j.LocalContainerEntityManagerFactoryBean : Initialized JPA EntityManagerFactory for persistence unit 'default'
2025-08-08T19:26:51.957+05:30  INFO 27432 --- [QuizApplication] [restartedMain] o.s.d.j.r.query.QueryEnhancerFactory     : Hibernate is in classpath; If applicable, HQL parser will be used.
2025-08-08T19:26:52.234+05:30  WARN 27432 --- [QuizApplication] [restartedMain] JpaBaseConfiguration$JpaWebConfiguration : spring.jpa.open-in-view is enabled by default. Therefore, database queries may be performed during view rendering. Explicitly configure spring.jpa.open-in-view to disable this warning
2025-08-08T19:26:52.935+05:30  INFO 27432 --- [QuizApplication] [restartedMain] o.s.b.a.h2.H2ConsoleAutoConfiguration    : H2 console available at '/h2-console'. Database available at 'jdbc:h2:mem:testdb'
2025-08-08T19:26:52.983+05:30  INFO 27432 --- [QuizApplication] [restartedMain] o.s.b.d.a.OptionalLiveReloadServer       : LiveReload server is running on port 35729
2025-08-08T19:26:52.994+05:30  INFO 27432 --- [QuizApplication] [restartedMain] o.s.b.a.e.web.EndpointLinksResolver      : Exposing 1 endpoint beneath base path '/actuator'
2025-08-08T19:26:53.119+05:30  INFO 27432 --- [QuizApplication] [restartedMain] o.s.b.w.embedded.tomcat.TomcatWebServer  : Tomcat started on port 8080 (http) with context path '/'
2025-08-08T19:26:53.137+05:30  INFO 27432 --- [QuizApplication] [restartedMain] com.wipro.knr.quizApp.QuizApplication    : Started QuizApplication in 7.188 seconds (process running for 8.32)
2025-08-08T19:26:54.194+05:30  INFO 27432 --- [QuizApplication] [RMI TCP Connection(4)-127.0.0.1] o.a.c.c.C.[Tomcat].[localhost].[/]       : Initializing Spring DispatcherServlet 'dispatcherServlet'
2025-08-08T19:26:54.194+05:30  INFO 27432 --- [QuizApplication] [RMI TCP Connection(4)-127.0.0.1] o.s.web.servlet.DispatcherServlet        : Initializing Servlet 'dispatcherServlet'
2025-08-08T19:26:54.196+05:30  INFO 27432 --- [QuizApplication] [RMI TCP Connection(4)-127.0.0.1] o.s.web.servlet.DispatcherServlet        : Completed initialization in 1 ms
2025-08-08T19:27:04.484+05:30 DEBUG 27432 --- [QuizApplication] [http-nio-8080-exec-2] c.wipro.knr.quizApp.aop.LoggingAspect    : AOP Triggered: Entering method createQuiz with args: [Java, Easy, TestQuiz]
2025-08-08T19:27:04.484+05:30  INFO 27432 --- [QuizApplication] [http-nio-8080-exec-2] c.wipro.knr.quizApp.aop.LoggingAspect    : AOP Triggered: Creating quiz - Category: Java, Difficulty: Easy, Title: TestQuiz
2025-08-08T19:29:38.370+05:30  INFO 27432 --- [QuizApplication] [RMI TCP Connection(8)-127.0.0.1] inMXBeanRegistrar$SpringApplicationAdmin : Application shutdown requested.
2025-08-08T19:29:38.374+05:30  INFO 27432 --- [QuizApplication] [RMI TCP Connection(8)-127.0.0.1] o.s.b.w.e.tomcat.GracefulShutdown        : Commencing graceful shutdown. Waiting for active requests to complete
2025-08-08T19:29:38.385+05:30  INFO 27432 --- [QuizApplication] [tomcat-shutdown] o.s.b.w.e.tomcat.GracefulShutdown        : Graceful shutdown complete
2025-08-08T19:29:38.396+05:30  INFO 27432 --- [QuizApplication] [RMI TCP Connection(8)-127.0.0.1] j.LocalContainerEntityManagerFactoryBean : Closing JPA EntityManagerFactory for persistence unit 'default'
2025-08-08T19:29:38.404+05:30  WARN 27432 --- [QuizApplication] [RMI TCP Connection(8)-127.0.0.1] o.s.b.f.support.DisposableBeanAdapter    : Invocation of destroy method failed on bean with name 'inMemoryDatabaseShutdownExecutor': org.h2.jdbc.JdbcSQLNonTransientConnectionException: Database is already closed (to disable automatic closing at VM shutdown, add ";DB_CLOSE_ON_EXIT=FALSE" to the db URL) [90121-232]
2025-08-08T19:29:38.405+05:30  INFO 27432 --- [QuizApplication] [RMI TCP Connection(8)-127.0.0.1] com.zaxxer.hikari.HikariDataSource       : HikariPool-1 - Shutdown initiated...
2025-08-08T19:29:38.407+05:30  INFO 27432 --- [QuizApplication] [RMI TCP Connection(8)-127.0.0.1] com.zaxxer.hikari.HikariDataSource       : HikariPool-1 - Shutdown completed.
2025-08-08T19:38:17.568+05:30  INFO 36744 --- [QuizApplication] [restartedMain] com.wipro.knr.quizApp.QuizApplication    : Starting QuizApplication using Java 21.0.8 with PID 36744 (C:\Users\91798\eclipse-workspace\QuizApplication\target\classes started by 91798 in C:\Users\91798\eclipse-workspace\QuizApplication)
2025-08-08T19:38:17.571+05:30  INFO 36744 --- [QuizApplication] [restartedMain] com.wipro.knr.quizApp.QuizApplication    : No active profile set, falling back to 1 default profile: "default"
2025-08-08T19:38:17.632+05:30  INFO 36744 --- [QuizApplication] [restartedMain] .e.DevToolsPropertyDefaultsPostProcessor : Devtools property defaults active! Set 'spring.devtools.add-properties' to 'false' to disable
2025-08-08T19:38:17.633+05:30  INFO 36744 --- [QuizApplication] [restartedMain] .e.DevToolsPropertyDefaultsPostProcessor : For additional web related logging consider setting the 'logging.level.web' property to 'DEBUG'
2025-08-08T19:38:18.905+05:30  INFO 36744 --- [QuizApplication] [restartedMain] .s.d.r.c.RepositoryConfigurationDelegate : Bootstrapping Spring Data JPA repositories in DEFAULT mode.
2025-08-08T19:38:18.990+05:30  INFO 36744 --- [QuizApplication] [restartedMain] .s.d.r.c.RepositoryConfigurationDelegate : Finished Spring Data repository scanning in 72 ms. Found 2 JPA repository interfaces.
2025-08-08T19:38:19.764+05:30  INFO 36744 --- [QuizApplication] [restartedMain] o.s.b.w.embedded.tomcat.TomcatWebServer  : Tomcat initialized with port 8080 (http)
2025-08-08T19:38:19.785+05:30  INFO 36744 --- [QuizApplication] [restartedMain] o.apache.catalina.core.StandardService   : Starting service [Tomcat]
2025-08-08T19:38:19.786+05:30  INFO 36744 --- [QuizApplication] [restartedMain] o.apache.catalina.core.StandardEngine    : Starting Servlet engine: [Apache Tomcat/10.1.43]
2025-08-08T19:38:19.861+05:30  INFO 36744 --- [QuizApplication] [restartedMain] o.a.c.c.C.[Tomcat].[localhost].[/]       : Initializing Spring embedded WebApplicationContext
2025-08-08T19:38:19.861+05:30  INFO 36744 --- [QuizApplication] [restartedMain] w.s.c.ServletWebServerApplicationContext : Root WebApplicationContext: initialization completed in 2228 ms
2025-08-08T19:38:20.241+05:30  INFO 36744 --- [QuizApplication] [restartedMain] o.hibernate.jpa.internal.util.LogHelper  : HHH000204: Processing PersistenceUnitInfo [name: default]
2025-08-08T19:38:20.341+05:30  INFO 36744 --- [QuizApplication] [restartedMain] org.hibernate.Version                    : HHH000412: Hibernate ORM core version 6.6.22.Final
2025-08-08T19:38:20.399+05:30  INFO 36744 --- [QuizApplication] [restartedMain] o.h.c.internal.RegionFactoryInitiator    : HHH000026: Second-level cache disabled
2025-08-08T19:38:20.835+05:30  INFO 36744 --- [QuizApplication] [restartedMain] o.s.o.j.p.SpringPersistenceUnitInfo      : No LoadTimeWeaver setup: ignoring JPA class transformer
2025-08-08T19:38:20.885+05:30  INFO 36744 --- [QuizApplication] [restartedMain] com.zaxxer.hikari.HikariDataSource       : HikariPool-1 - Starting...
2025-08-08T19:38:21.171+05:30  INFO 36744 --- [QuizApplication] [restartedMain] com.zaxxer.hikari.pool.HikariPool        : HikariPool-1 - Added connection conn0: url=jdbc:h2:mem:testdb user=ROOT
2025-08-08T19:38:21.174+05:30  INFO 36744 --- [QuizApplication] [restartedMain] com.zaxxer.hikari.HikariDataSource       : HikariPool-1 - Start completed.
2025-08-08T19:38:21.274+05:30  INFO 36744 --- [QuizApplication] [restartedMain] org.hibernate.orm.connections.pooling    : HHH10001005: Database info:
	Database JDBC URL [Connecting through datasource 'HikariDataSource (HikariPool-1)']
	Database driver: undefined/unknown
	Database version: 2.3.232
	Autocommit mode: undefined/unknown
	Isolation level: undefined/unknown
	Minimum pool size: undefined/unknown
	Maximum pool size: undefined/unknown
2025-08-08T19:38:22.678+05:30  INFO 36744 --- [QuizApplication] [restartedMain] o.h.e.t.j.p.i.JtaPlatformInitiator       : HHH000489: No JTA platform available (set 'hibernate.transaction.jta.platform' to enable JTA platform integration)
2025-08-08T19:38:22.788+05:30  INFO 36744 --- [QuizApplication] [restartedMain] j.LocalContainerEntityManagerFactoryBean : Initialized JPA EntityManagerFactory for persistence unit 'default'
2025-08-08T19:38:23.132+05:30  INFO 36744 --- [QuizApplication] [restartedMain] o.s.d.j.r.query.QueryEnhancerFactory     : Hibernate is in classpath; If applicable, HQL parser will be used.
2025-08-08T19:38:23.415+05:30  WARN 36744 --- [QuizApplication] [restartedMain] JpaBaseConfiguration$JpaWebConfiguration : spring.jpa.open-in-view is enabled by default. Therefore, database queries may be performed during view rendering. Explicitly configure spring.jpa.open-in-view to disable this warning
2025-08-08T19:38:24.133+05:30  INFO 36744 --- [QuizApplication] [restartedMain] o.s.b.a.h2.H2ConsoleAutoConfiguration    : H2 console available at '/h2-console'. Database available at 'jdbc:h2:mem:testdb'
2025-08-08T19:38:24.183+05:30  INFO 36744 --- [QuizApplication] [restartedMain] o.s.b.d.a.OptionalLiveReloadServer       : LiveReload server is running on port 35729
2025-08-08T19:38:24.195+05:30  INFO 36744 --- [QuizApplication] [restartedMain] o.s.b.a.e.web.EndpointLinksResolver      : Exposing 1 endpoint beneath base path '/actuator'
2025-08-08T19:38:24.316+05:30  INFO 36744 --- [QuizApplication] [restartedMain] o.s.b.w.embedded.tomcat.TomcatWebServer  : Tomcat started on port 8080 (http) with context path '/'
2025-08-08T19:38:24.335+05:30  INFO 36744 --- [QuizApplication] [restartedMain] com.wipro.knr.quizApp.QuizApplication    : Started QuizApplication in 7.403 seconds (process running for 8.504)
2025-08-08T19:38:24.923+05:30  INFO 36744 --- [QuizApplication] [RMI TCP Connection(4)-127.0.0.1] o.a.c.c.C.[Tomcat].[localhost].[/]       : Initializing Spring DispatcherServlet 'dispatcherServlet'
2025-08-08T19:38:24.924+05:30  INFO 36744 --- [QuizApplication] [RMI TCP Connection(4)-127.0.0.1] o.s.web.servlet.DispatcherServlet        : Initializing Servlet 'dispatcherServlet'
2025-08-08T19:38:24.925+05:30  INFO 36744 --- [QuizApplication] [RMI TCP Connection(4)-127.0.0.1] o.s.web.servlet.DispatcherServlet        : Completed initialization in 1 ms
2025-08-08T19:38:33.523+05:30 DEBUG 36744 --- [QuizApplication] [http-nio-8080-exec-3] c.wipro.knr.quizApp.aop.LoggingAspect    : AOP Triggered: Entering method createQuiz with args: [Java, Easy, TestQuiz]
2025-08-08T19:38:33.524+05:30  INFO 36744 --- [QuizApplication] [http-nio-8080-exec-3] c.wipro.knr.quizApp.aop.LoggingAspect    : AOP Triggered: Creating quiz - Category: Java, Difficulty: Easy, Title: TestQuiz
2025-08-08T20:57:49.884+05:30  WARN 36744 --- [QuizApplication] [HikariPool-1:housekeeper] com.zaxxer.hikari.pool.HikariPool        : HikariPool-1 - Thread starvation or clock leap detected (housekeeper delta=1h9m28s429ms823µs900ns).
2025-08-08T21:30:28.269+05:30  INFO 36744 --- [QuizApplication] [RMI TCP Connection(53)-127.0.0.1] inMXBeanRegistrar$SpringApplicationAdmin : Application shutdown requested.
2025-08-08T21:30:28.339+05:30  INFO 36744 --- [QuizApplication] [RMI TCP Connection(53)-127.0.0.1] o.s.b.w.e.tomcat.GracefulShutdown        : Commencing graceful shutdown. Waiting for active requests to complete
2025-08-08T21:30:28.403+05:30  INFO 36744 --- [QuizApplication] [tomcat-shutdown] o.s.b.w.e.tomcat.GracefulShutdown        : Graceful shutdown complete
2025-08-08T21:30:28.448+05:30  INFO 36744 --- [QuizApplication] [RMI TCP Connection(53)-127.0.0.1] j.LocalContainerEntityManagerFactoryBean : Closing JPA EntityManagerFactory for persistence unit 'default'
2025-08-08T21:30:28.503+05:30  WARN 36744 --- [QuizApplication] [RMI TCP Connection(53)-127.0.0.1] o.s.b.f.support.DisposableBeanAdapter    : Invocation of destroy method failed on bean with name 'inMemoryDatabaseShutdownExecutor': org.h2.jdbc.JdbcSQLNonTransientConnectionException: Database is already closed (to disable automatic closing at VM shutdown, add ";DB_CLOSE_ON_EXIT=FALSE" to the db URL) [90121-232]
2025-08-08T21:30:28.505+05:30  INFO 36744 --- [QuizApplication] [RMI TCP Connection(53)-127.0.0.1] com.zaxxer.hikari.HikariDataSource       : HikariPool-1 - Shutdown initiated...
2025-08-08T21:30:28.512+05:30  INFO 36744 --- [QuizApplication] [RMI TCP Connection(53)-127.0.0.1] com.zaxxer.hikari.HikariDataSource       : HikariPool-1 - Shutdown completed.
2025-08-08T21:44:05.577+05:30  INFO 30216 --- [QuizApplication] [restartedMain] com.wipro.knr.quizApp.QuizApplication    : Starting QuizApplication using Java 21.0.7 with PID 30216 (C:\Users\91798\eclipse-workspace\New folder\QuizApplication\target\classes started by 91798 in C:\Users\91798\eclipse-workspace\New folder\QuizApplication)
2025-08-08T21:44:05.582+05:30  INFO 30216 --- [QuizApplication] [restartedMain] com.wipro.knr.quizApp.QuizApplication    : No active profile set, falling back to 1 default profile: "default"
2025-08-08T21:44:05.663+05:30  INFO 30216 --- [QuizApplication] [restartedMain] .e.DevToolsPropertyDefaultsPostProcessor : Devtools property defaults active! Set 'spring.devtools.add-properties' to 'false' to disable
2025-08-08T21:44:05.663+05:30  INFO 30216 --- [QuizApplication] [restartedMain] .e.DevToolsPropertyDefaultsPostProcessor : For additional web related logging consider setting the 'logging.level.web' property to 'DEBUG'
2025-08-08T21:44:07.620+05:30  INFO 30216 --- [QuizApplication] [restartedMain] .s.d.r.c.RepositoryConfigurationDelegate : Bootstrapping Spring Data JPA repositories in DEFAULT mode.
2025-08-08T21:44:07.726+05:30  INFO 30216 --- [QuizApplication] [restartedMain] .s.d.r.c.RepositoryConfigurationDelegate : Finished Spring Data repository scanning in 88 ms. Found 2 JPA repository interfaces.
2025-08-08T21:44:08.774+05:30  INFO 30216 --- [QuizApplication] [restartedMain] o.s.b.w.embedded.tomcat.TomcatWebServer  : Tomcat initialized with port 8080 (http)
2025-08-08T21:44:08.806+05:30  INFO 30216 --- [QuizApplication] [restartedMain] o.apache.catalina.core.StandardService   : Starting service [Tomcat]
2025-08-08T21:44:08.807+05:30  INFO 30216 --- [QuizApplication] [restartedMain] o.apache.catalina.core.StandardEngine    : Starting Servlet engine: [Apache Tomcat/10.1.43]
2025-08-08T21:44:08.912+05:30  INFO 30216 --- [QuizApplication] [restartedMain] o.a.c.c.C.[Tomcat].[localhost].[/]       : Initializing Spring embedded WebApplicationContext
2025-08-08T21:44:08.912+05:30  INFO 30216 --- [QuizApplication] [restartedMain] w.s.c.ServletWebServerApplicationContext : Root WebApplicationContext: initialization completed in 3248 ms
2025-08-08T21:44:09.394+05:30  INFO 30216 --- [QuizApplication] [restartedMain] o.hibernate.jpa.internal.util.LogHelper  : HHH000204: Processing PersistenceUnitInfo [name: default]
2025-08-08T21:44:09.520+05:30  INFO 30216 --- [QuizApplication] [restartedMain] org.hibernate.Version                    : HHH000412: Hibernate ORM core version 6.6.22.Final
2025-08-08T21:44:09.595+05:30  INFO 30216 --- [QuizApplication] [restartedMain] o.h.c.internal.RegionFactoryInitiator    : HHH000026: Second-level cache disabled
2025-08-08T21:44:10.153+05:30  INFO 30216 --- [QuizApplication] [restartedMain] o.s.o.j.p.SpringPersistenceUnitInfo      : No LoadTimeWeaver setup: ignoring JPA class transformer
2025-08-08T21:44:10.216+05:30  INFO 30216 --- [QuizApplication] [restartedMain] com.zaxxer.hikari.HikariDataSource       : HikariPool-1 - Starting...
2025-08-08T21:44:10.556+05:30  INFO 30216 --- [QuizApplication] [restartedMain] com.zaxxer.hikari.pool.HikariPool        : HikariPool-1 - Added connection conn0: url=jdbc:h2:mem:testdb user=ROOT
2025-08-08T21:44:10.559+05:30  INFO 30216 --- [QuizApplication] [restartedMain] com.zaxxer.hikari.HikariDataSource       : HikariPool-1 - Start completed.
2025-08-08T21:44:10.677+05:30  INFO 30216 --- [QuizApplication] [restartedMain] org.hibernate.orm.connections.pooling    : HHH10001005: Database info:
	Database JDBC URL [Connecting through datasource 'HikariDataSource (HikariPool-1)']
	Database driver: undefined/unknown
	Database version: 2.3.232
	Autocommit mode: undefined/unknown
	Isolation level: undefined/unknown
	Minimum pool size: undefined/unknown
	Maximum pool size: undefined/unknown
2025-08-08T21:44:12.340+05:30  INFO 30216 --- [QuizApplication] [restartedMain] o.h.e.t.j.p.i.JtaPlatformInitiator       : HHH000489: No JTA platform available (set 'hibernate.transaction.jta.platform' to enable JTA platform integration)
2025-08-08T21:44:12.483+05:30  INFO 30216 --- [QuizApplication] [restartedMain] j.LocalContainerEntityManagerFactoryBean : Initialized JPA EntityManagerFactory for persistence unit 'default'
2025-08-08T21:44:12.990+05:30  INFO 30216 --- [QuizApplication] [restartedMain] o.s.d.j.r.query.QueryEnhancerFactory     : Hibernate is in classpath; If applicable, HQL parser will be used.
2025-08-08T21:44:13.246+05:30  WARN 30216 --- [QuizApplication] [restartedMain] JpaBaseConfiguration$JpaWebConfiguration : spring.jpa.open-in-view is enabled by default. Therefore, database queries may be performed during view rendering. Explicitly configure spring.jpa.open-in-view to disable this warning
2025-08-08T21:44:14.111+05:30  INFO 30216 --- [QuizApplication] [restartedMain] o.s.b.a.h2.H2ConsoleAutoConfiguration    : H2 console available at '/h2-console'. Database available at 'jdbc:h2:mem:testdb'
2025-08-08T21:44:14.174+05:30  INFO 30216 --- [QuizApplication] [restartedMain] o.s.b.d.a.OptionalLiveReloadServer       : LiveReload server is running on port 35729
2025-08-08T21:44:14.188+05:30  INFO 30216 --- [QuizApplication] [restartedMain] o.s.b.a.e.web.EndpointLinksResolver      : Exposing 1 endpoint beneath base path '/actuator'
2025-08-08T21:44:14.337+05:30  INFO 30216 --- [QuizApplication] [restartedMain] o.s.b.w.embedded.tomcat.TomcatWebServer  : Tomcat started on port 8080 (http) with context path '/'
2025-08-08T21:44:14.364+05:30  INFO 30216 --- [QuizApplication] [restartedMain] com.wipro.knr.quizApp.QuizApplication    : Started QuizApplication in 9.548 seconds (process running for 10.841)
2025-08-08T21:44:15.496+05:30  INFO 30216 --- [QuizApplication] [RMI TCP Connection(4)-127.0.0.1] o.a.c.c.C.[Tomcat].[localhost].[/]       : Initializing Spring DispatcherServlet 'dispatcherServlet'
2025-08-08T21:44:15.496+05:30  INFO 30216 --- [QuizApplication] [RMI TCP Connection(4)-127.0.0.1] o.s.web.servlet.DispatcherServlet        : Initializing Servlet 'dispatcherServlet'
2025-08-08T21:44:15.498+05:30  INFO 30216 --- [QuizApplication] [RMI TCP Connection(4)-127.0.0.1] o.s.web.servlet.DispatcherServlet        : Completed initialization in 1 ms
2025-08-08T21:44:43.477+05:30  WARN 30216 --- [QuizApplication] [http-nio-8080-exec-1] .w.s.m.s.DefaultHandlerExceptionResolver : Resolved [org.springframework.web.HttpRequestMethodNotSupportedException: Request method 'POST' is not supported]
2025-08-08T21:50:09.245+05:30  INFO 30216 --- [QuizApplication] [RMI TCP Connection(10)-127.0.0.1] inMXBeanRegistrar$SpringApplicationAdmin : Application shutdown requested.
2025-08-08T21:50:09.268+05:30  INFO 30216 --- [QuizApplication] [RMI TCP Connection(10)-127.0.0.1] o.s.b.w.e.tomcat.GracefulShutdown        : Commencing graceful shutdown. Waiting for active requests to complete
2025-08-08T21:50:09.288+05:30  INFO 30216 --- [QuizApplication] [tomcat-shutdown] o.s.b.w.e.tomcat.GracefulShutdown        : Graceful shutdown complete
2025-08-08T21:50:09.305+05:30  INFO 30216 --- [QuizApplication] [RMI TCP Connection(10)-127.0.0.1] j.LocalContainerEntityManagerFactoryBean : Closing JPA EntityManagerFactory for persistence unit 'default'
2025-08-08T21:50:09.330+05:30  WARN 30216 --- [QuizApplication] [RMI TCP Connection(10)-127.0.0.1] o.s.b.f.support.DisposableBeanAdapter    : Invocation of destroy method failed on bean with name 'inMemoryDatabaseShutdownExecutor': org.h2.jdbc.JdbcSQLNonTransientConnectionException: Database is already closed (to disable automatic closing at VM shutdown, add ";DB_CLOSE_ON_EXIT=FALSE" to the db URL) [90121-232]
2025-08-08T21:50:09.332+05:30  INFO 30216 --- [QuizApplication] [RMI TCP Connection(10)-127.0.0.1] com.zaxxer.hikari.HikariDataSource       : HikariPool-1 - Shutdown initiated...
2025-08-08T21:50:09.337+05:30  INFO 30216 --- [QuizApplication] [RMI TCP Connection(10)-127.0.0.1] com.zaxxer.hikari.HikariDataSource       : HikariPool-1 - Shutdown completed.
